2025-11-15 22:26:37,131 [PID 17966] DEBUG Using selector: EpollSelector
2025-11-15 22:26:37,132 [PID 17966] INFO Reading Pyre server configurations...
2025-11-15 22:26:37,135 [PID 17966] ERROR Uncaught error in persistent.run
Traceback (most recent call last):
  File "/home/xujian/.local/share/nvim/mason/packages/pyre/venv/lib/python3.13/site-packages/pyre_check/client/commands/persistent.py", line 299, in run
    return asyncio.get_event_loop().run_until_complete(
           ~~~~~~~~~~~~~~~~~~~~~~~~~~~~~~~~~~~~~~~~~~~^
        run_persistent(
        ^^^^^^^^^^^^^^^
    ...<2 lines>...
        )
        ^
    )
    ^
  File "/usr/lib/python3.13/asyncio/base_events.py", line 725, in run_until_complete
    return future.result()
           ~~~~~~~~~~~~~^^
  File "/home/xujian/.local/share/nvim/mason/packages/pyre/venv/lib/python3.13/site-packages/pyre_check/client/commands/persistent.py", line 224, in run_persistent
    initial_server_options = pyre_server_options.read_server_options(
        server_options_reader, remote_logging
    )
  File "/home/xujian/.local/share/nvim/mason/packages/pyre/venv/lib/python3.13/site-packages/pyre_check/client/commands/pyre_server_options.py", line 129, in read_server_options
    return server_options_reader()
  File "/home/xujian/.local/share/nvim/mason/packages/pyre/venv/lib/python3.13/site-packages/pyre_check/client/commands/pyre_server_options.py", line 114, in read
    return PyreServerOptions.create(
           ~~~~~~~~~~~~~~~~~~~~~~~~^
        start_command_argument=start_command_argument,
        ^^^^^^^^^^^^^^^^^^^^^^^^^^^^^^^^^^^^^^^^^^^^^^
        configuration=read_frontend_configuration(),
        ^^^^^^^^^^^^^^^^^^^^^^^^^^^^^^^^^^^^^^^^^^^^
        language_server_features=language_server_features,
        ^^^^^^^^^^^^^^^^^^^^^^^^^^^^^^^^^^^^^^^^^^^^^^^^^^
    )
    ^
  File "/home/xujian/.local/share/nvim/mason/packages/pyre/venv/lib/python3.13/site-packages/pyre_check/client/commands/pyre_server_options.py", line 93, in create
    start_arguments = start.create_server_arguments(
        configuration,
        start_command_argument,
        False,  # kill_buck_after_build
    )
  File "/home/xujian/.local/share/nvim/mason/packages/pyre/venv/lib/python3.13/site-packages/pyre_check/client/commands/start.py", line 311, in create_server_arguments
    source_paths = backend_arguments.get_source_path_for_server(
        configuration,
    ...<3 lines>...
        watchman_root,
    )
  File "/home/xujian/.local/share/nvim/mason/packages/pyre/venv/lib/python3.13/site-packages/pyre_check/client/backend_arguments.py", line 418, in get_source_path_for_server
    return get_source_path(
        configuration,
    ...<4 lines>...
        watchman_root,
    )
  File "/home/xujian/.local/share/nvim/mason/packages/pyre/venv/lib/python3.13/site-packages/pyre_check/client/backend_arguments.py", line 397, in get_source_path
    raise configuration_module.InvalidConfiguration(
    ...<2 lines>...
    )
pyre_check.client.configuration.exceptions.InvalidConfiguration: Invalid configuration: Cannot find any source files to analyze. Either `source_directories` or `targets` must be specified.
2025-11-15 22:34:12,562 [PID 20515] DEBUG Using selector: EpollSelector
2025-11-15 22:34:12,562 [PID 20515] INFO Reading Pyre server configurations...
2025-11-15 22:34:12,565 [PID 20515] ERROR Uncaught error in persistent.run
Traceback (most recent call last):
  File "/home/xujian/.local/share/nvim/mason/packages/pyre/venv/lib/python3.13/site-packages/pyre_check/client/commands/persistent.py", line 299, in run
    return asyncio.get_event_loop().run_until_complete(
           ~~~~~~~~~~~~~~~~~~~~~~~~~~~~~~~~~~~~~~~~~~~^
        run_persistent(
        ^^^^^^^^^^^^^^^
    ...<2 lines>...
        )
        ^
    )
    ^
  File "/usr/lib/python3.13/asyncio/base_events.py", line 725, in run_until_complete
    return future.result()
           ~~~~~~~~~~~~~^^
  File "/home/xujian/.local/share/nvim/mason/packages/pyre/venv/lib/python3.13/site-packages/pyre_check/client/commands/persistent.py", line 224, in run_persistent
    initial_server_options = pyre_server_options.read_server_options(
        server_options_reader, remote_logging
    )
  File "/home/xujian/.local/share/nvim/mason/packages/pyre/venv/lib/python3.13/site-packages/pyre_check/client/commands/pyre_server_options.py", line 129, in read_server_options
    return server_options_reader()
  File "/home/xujian/.local/share/nvim/mason/packages/pyre/venv/lib/python3.13/site-packages/pyre_check/client/commands/pyre_server_options.py", line 114, in read
    return PyreServerOptions.create(
           ~~~~~~~~~~~~~~~~~~~~~~~~^
        start_command_argument=start_command_argument,
        ^^^^^^^^^^^^^^^^^^^^^^^^^^^^^^^^^^^^^^^^^^^^^^
        configuration=read_frontend_configuration(),
        ^^^^^^^^^^^^^^^^^^^^^^^^^^^^^^^^^^^^^^^^^^^^
        language_server_features=language_server_features,
        ^^^^^^^^^^^^^^^^^^^^^^^^^^^^^^^^^^^^^^^^^^^^^^^^^^
    )
    ^
  File "/home/xujian/.local/share/nvim/mason/packages/pyre/venv/lib/python3.13/site-packages/pyre_check/client/commands/pyre_server_options.py", line 93, in create
    start_arguments = start.create_server_arguments(
        configuration,
        start_command_argument,
        False,  # kill_buck_after_build
    )
  File "/home/xujian/.local/share/nvim/mason/packages/pyre/venv/lib/python3.13/site-packages/pyre_check/client/commands/start.py", line 311, in create_server_arguments
    source_paths = backend_arguments.get_source_path_for_server(
        configuration,
    ...<3 lines>...
        watchman_root,
    )
  File "/home/xujian/.local/share/nvim/mason/packages/pyre/venv/lib/python3.13/site-packages/pyre_check/client/backend_arguments.py", line 418, in get_source_path_for_server
    return get_source_path(
        configuration,
    ...<4 lines>...
        watchman_root,
    )
  File "/home/xujian/.local/share/nvim/mason/packages/pyre/venv/lib/python3.13/site-packages/pyre_check/client/backend_arguments.py", line 397, in get_source_path
    raise configuration_module.InvalidConfiguration(
    ...<2 lines>...
    )
pyre_check.client.configuration.exceptions.InvalidConfiguration: Invalid configuration: Cannot find any source files to analyze. Either `source_directories` or `targets` must be specified.
2025-11-15 22:54:22,598 [PID 27197] DEBUG Using selector: EpollSelector
2025-11-15 22:54:22,598 [PID 27197] INFO Reading Pyre server configurations...
2025-11-15 22:54:22,602 [PID 27197] ERROR Uncaught error in persistent.run
Traceback (most recent call last):
  File "/home/xujian/.local/share/nvim/mason/packages/pyre/venv/lib/python3.13/site-packages/pyre_check/client/commands/persistent.py", line 299, in run
    return asyncio.get_event_loop().run_until_complete(
           ~~~~~~~~~~~~~~~~~~~~~~~~~~~~~~~~~~~~~~~~~~~^
        run_persistent(
        ^^^^^^^^^^^^^^^
    ...<2 lines>...
        )
        ^
    )
    ^
  File "/usr/lib/python3.13/asyncio/base_events.py", line 725, in run_until_complete
    return future.result()
           ~~~~~~~~~~~~~^^
  File "/home/xujian/.local/share/nvim/mason/packages/pyre/venv/lib/python3.13/site-packages/pyre_check/client/commands/persistent.py", line 224, in run_persistent
    initial_server_options = pyre_server_options.read_server_options(
        server_options_reader, remote_logging
    )
  File "/home/xujian/.local/share/nvim/mason/packages/pyre/venv/lib/python3.13/site-packages/pyre_check/client/commands/pyre_server_options.py", line 129, in read_server_options
    return server_options_reader()
  File "/home/xujian/.local/share/nvim/mason/packages/pyre/venv/lib/python3.13/site-packages/pyre_check/client/commands/pyre_server_options.py", line 114, in read
    return PyreServerOptions.create(
           ~~~~~~~~~~~~~~~~~~~~~~~~^
        start_command_argument=start_command_argument,
        ^^^^^^^^^^^^^^^^^^^^^^^^^^^^^^^^^^^^^^^^^^^^^^
        configuration=read_frontend_configuration(),
        ^^^^^^^^^^^^^^^^^^^^^^^^^^^^^^^^^^^^^^^^^^^^
        language_server_features=language_server_features,
        ^^^^^^^^^^^^^^^^^^^^^^^^^^^^^^^^^^^^^^^^^^^^^^^^^^
    )
    ^
  File "/home/xujian/.local/share/nvim/mason/packages/pyre/venv/lib/python3.13/site-packages/pyre_check/client/commands/pyre_server_options.py", line 93, in create
    start_arguments = start.create_server_arguments(
        configuration,
        start_command_argument,
        False,  # kill_buck_after_build
    )
  File "/home/xujian/.local/share/nvim/mason/packages/pyre/venv/lib/python3.13/site-packages/pyre_check/client/commands/start.py", line 311, in create_server_arguments
    source_paths = backend_arguments.get_source_path_for_server(
        configuration,
    ...<3 lines>...
        watchman_root,
    )
  File "/home/xujian/.local/share/nvim/mason/packages/pyre/venv/lib/python3.13/site-packages/pyre_check/client/backend_arguments.py", line 418, in get_source_path_for_server
    return get_source_path(
        configuration,
    ...<4 lines>...
        watchman_root,
    )
  File "/home/xujian/.local/share/nvim/mason/packages/pyre/venv/lib/python3.13/site-packages/pyre_check/client/backend_arguments.py", line 397, in get_source_path
    raise configuration_module.InvalidConfiguration(
    ...<2 lines>...
    )
pyre_check.client.configuration.exceptions.InvalidConfiguration: Invalid configuration: Cannot find any source files to analyze. Either `source_directories` or `targets` must be specified.
2025-11-15 22:54:34,470 [PID 27349] DEBUG Using selector: EpollSelector
2025-11-15 22:54:34,471 [PID 27349] INFO Reading Pyre server configurations...
2025-11-15 22:54:34,474 [PID 27349] ERROR Uncaught error in persistent.run
Traceback (most recent call last):
  File "/home/xujian/.local/share/nvim/mason/packages/pyre/venv/lib/python3.13/site-packages/pyre_check/client/commands/persistent.py", line 299, in run
    return asyncio.get_event_loop().run_until_complete(
           ~~~~~~~~~~~~~~~~~~~~~~~~~~~~~~~~~~~~~~~~~~~^
        run_persistent(
        ^^^^^^^^^^^^^^^
    ...<2 lines>...
        )
        ^
    )
    ^
  File "/usr/lib/python3.13/asyncio/base_events.py", line 725, in run_until_complete
    return future.result()
           ~~~~~~~~~~~~~^^
  File "/home/xujian/.local/share/nvim/mason/packages/pyre/venv/lib/python3.13/site-packages/pyre_check/client/commands/persistent.py", line 224, in run_persistent
    initial_server_options = pyre_server_options.read_server_options(
        server_options_reader, remote_logging
    )
  File "/home/xujian/.local/share/nvim/mason/packages/pyre/venv/lib/python3.13/site-packages/pyre_check/client/commands/pyre_server_options.py", line 129, in read_server_options
    return server_options_reader()
  File "/home/xujian/.local/share/nvim/mason/packages/pyre/venv/lib/python3.13/site-packages/pyre_check/client/commands/pyre_server_options.py", line 114, in read
    return PyreServerOptions.create(
           ~~~~~~~~~~~~~~~~~~~~~~~~^
        start_command_argument=start_command_argument,
        ^^^^^^^^^^^^^^^^^^^^^^^^^^^^^^^^^^^^^^^^^^^^^^
        configuration=read_frontend_configuration(),
        ^^^^^^^^^^^^^^^^^^^^^^^^^^^^^^^^^^^^^^^^^^^^
        language_server_features=language_server_features,
        ^^^^^^^^^^^^^^^^^^^^^^^^^^^^^^^^^^^^^^^^^^^^^^^^^^
    )
    ^
  File "/home/xujian/.local/share/nvim/mason/packages/pyre/venv/lib/python3.13/site-packages/pyre_check/client/commands/pyre_server_options.py", line 93, in create
    start_arguments = start.create_server_arguments(
        configuration,
        start_command_argument,
        False,  # kill_buck_after_build
    )
  File "/home/xujian/.local/share/nvim/mason/packages/pyre/venv/lib/python3.13/site-packages/pyre_check/client/commands/start.py", line 311, in create_server_arguments
    source_paths = backend_arguments.get_source_path_for_server(
        configuration,
    ...<3 lines>...
        watchman_root,
    )
  File "/home/xujian/.local/share/nvim/mason/packages/pyre/venv/lib/python3.13/site-packages/pyre_check/client/backend_arguments.py", line 418, in get_source_path_for_server
    return get_source_path(
        configuration,
    ...<4 lines>...
        watchman_root,
    )
  File "/home/xujian/.local/share/nvim/mason/packages/pyre/venv/lib/python3.13/site-packages/pyre_check/client/backend_arguments.py", line 397, in get_source_path
    raise configuration_module.InvalidConfiguration(
    ...<2 lines>...
    )
pyre_check.client.configuration.exceptions.InvalidConfiguration: Invalid configuration: Cannot find any source files to analyze. Either `source_directories` or `targets` must be specified.
2025-11-15 22:56:42,268 [PID 29117] DEBUG Using selector: EpollSelector
2025-11-15 22:56:42,269 [PID 29117] INFO Reading Pyre server configurations...
2025-11-15 22:56:42,272 [PID 29117] ERROR Uncaught error in persistent.run
Traceback (most recent call last):
  File "/home/xujian/.local/share/nvim/mason/packages/pyre/venv/lib/python3.13/site-packages/pyre_check/client/commands/persistent.py", line 299, in run
    return asyncio.get_event_loop().run_until_complete(
           ~~~~~~~~~~~~~~~~~~~~~~~~~~~~~~~~~~~~~~~~~~~^
        run_persistent(
        ^^^^^^^^^^^^^^^
    ...<2 lines>...
        )
        ^
    )
    ^
  File "/usr/lib/python3.13/asyncio/base_events.py", line 725, in run_until_complete
    return future.result()
           ~~~~~~~~~~~~~^^
  File "/home/xujian/.local/share/nvim/mason/packages/pyre/venv/lib/python3.13/site-packages/pyre_check/client/commands/persistent.py", line 224, in run_persistent
    initial_server_options = pyre_server_options.read_server_options(
        server_options_reader, remote_logging
    )
  File "/home/xujian/.local/share/nvim/mason/packages/pyre/venv/lib/python3.13/site-packages/pyre_check/client/commands/pyre_server_options.py", line 129, in read_server_options
    return server_options_reader()
  File "/home/xujian/.local/share/nvim/mason/packages/pyre/venv/lib/python3.13/site-packages/pyre_check/client/commands/pyre_server_options.py", line 114, in read
    return PyreServerOptions.create(
           ~~~~~~~~~~~~~~~~~~~~~~~~^
        start_command_argument=start_command_argument,
        ^^^^^^^^^^^^^^^^^^^^^^^^^^^^^^^^^^^^^^^^^^^^^^
        configuration=read_frontend_configuration(),
        ^^^^^^^^^^^^^^^^^^^^^^^^^^^^^^^^^^^^^^^^^^^^
        language_server_features=language_server_features,
        ^^^^^^^^^^^^^^^^^^^^^^^^^^^^^^^^^^^^^^^^^^^^^^^^^^
    )
    ^
  File "/home/xujian/.local/share/nvim/mason/packages/pyre/venv/lib/python3.13/site-packages/pyre_check/client/commands/pyre_server_options.py", line 93, in create
    start_arguments = start.create_server_arguments(
        configuration,
        start_command_argument,
        False,  # kill_buck_after_build
    )
  File "/home/xujian/.local/share/nvim/mason/packages/pyre/venv/lib/python3.13/site-packages/pyre_check/client/commands/start.py", line 311, in create_server_arguments
    source_paths = backend_arguments.get_source_path_for_server(
        configuration,
    ...<3 lines>...
        watchman_root,
    )
  File "/home/xujian/.local/share/nvim/mason/packages/pyre/venv/lib/python3.13/site-packages/pyre_check/client/backend_arguments.py", line 418, in get_source_path_for_server
    return get_source_path(
        configuration,
    ...<4 lines>...
        watchman_root,
    )
  File "/home/xujian/.local/share/nvim/mason/packages/pyre/venv/lib/python3.13/site-packages/pyre_check/client/backend_arguments.py", line 397, in get_source_path
    raise configuration_module.InvalidConfiguration(
    ...<2 lines>...
    )
pyre_check.client.configuration.exceptions.InvalidConfiguration: Invalid configuration: Cannot find any source files to analyze. Either `source_directories` or `targets` must be specified.
2025-11-15 23:02:34,825 [PID 30518] DEBUG Using selector: EpollSelector
2025-11-15 23:02:34,826 [PID 30518] INFO Reading Pyre server configurations...
2025-11-15 23:02:34,829 [PID 30518] ERROR Uncaught error in persistent.run
Traceback (most recent call last):
  File "/home/xujian/.local/share/nvim/mason/packages/pyre/venv/lib/python3.13/site-packages/pyre_check/client/commands/persistent.py", line 299, in run
    return asyncio.get_event_loop().run_until_complete(
           ~~~~~~~~~~~~~~~~~~~~~~~~~~~~~~~~~~~~~~~~~~~^
        run_persistent(
        ^^^^^^^^^^^^^^^
    ...<2 lines>...
        )
        ^
    )
    ^
  File "/usr/lib/python3.13/asyncio/base_events.py", line 725, in run_until_complete
    return future.result()
           ~~~~~~~~~~~~~^^
  File "/home/xujian/.local/share/nvim/mason/packages/pyre/venv/lib/python3.13/site-packages/pyre_check/client/commands/persistent.py", line 224, in run_persistent
    initial_server_options = pyre_server_options.read_server_options(
        server_options_reader, remote_logging
    )
  File "/home/xujian/.local/share/nvim/mason/packages/pyre/venv/lib/python3.13/site-packages/pyre_check/client/commands/pyre_server_options.py", line 129, in read_server_options
    return server_options_reader()
  File "/home/xujian/.local/share/nvim/mason/packages/pyre/venv/lib/python3.13/site-packages/pyre_check/client/commands/pyre_server_options.py", line 114, in read
    return PyreServerOptions.create(
           ~~~~~~~~~~~~~~~~~~~~~~~~^
        start_command_argument=start_command_argument,
        ^^^^^^^^^^^^^^^^^^^^^^^^^^^^^^^^^^^^^^^^^^^^^^
        configuration=read_frontend_configuration(),
        ^^^^^^^^^^^^^^^^^^^^^^^^^^^^^^^^^^^^^^^^^^^^
        language_server_features=language_server_features,
        ^^^^^^^^^^^^^^^^^^^^^^^^^^^^^^^^^^^^^^^^^^^^^^^^^^
    )
    ^
  File "/home/xujian/.local/share/nvim/mason/packages/pyre/venv/lib/python3.13/site-packages/pyre_check/client/commands/pyre_server_options.py", line 93, in create
    start_arguments = start.create_server_arguments(
        configuration,
        start_command_argument,
        False,  # kill_buck_after_build
    )
  File "/home/xujian/.local/share/nvim/mason/packages/pyre/venv/lib/python3.13/site-packages/pyre_check/client/commands/start.py", line 311, in create_server_arguments
    source_paths = backend_arguments.get_source_path_for_server(
        configuration,
    ...<3 lines>...
        watchman_root,
    )
  File "/home/xujian/.local/share/nvim/mason/packages/pyre/venv/lib/python3.13/site-packages/pyre_check/client/backend_arguments.py", line 418, in get_source_path_for_server
    return get_source_path(
        configuration,
    ...<4 lines>...
        watchman_root,
    )
  File "/home/xujian/.local/share/nvim/mason/packages/pyre/venv/lib/python3.13/site-packages/pyre_check/client/backend_arguments.py", line 397, in get_source_path
    raise configuration_module.InvalidConfiguration(
    ...<2 lines>...
    )
pyre_check.client.configuration.exceptions.InvalidConfiguration: Invalid configuration: Cannot find any source files to analyze. Either `source_directories` or `targets` must be specified.
2025-11-15 23:10:23,202 [PID 33745] DEBUG Using selector: EpollSelector
2025-11-15 23:10:23,203 [PID 33745] INFO Reading Pyre server configurations...
2025-11-15 23:10:23,206 [PID 33745] ERROR Uncaught error in persistent.run
Traceback (most recent call last):
  File "/home/xujian/.local/share/nvim/mason/packages/pyre/venv/lib/python3.13/site-packages/pyre_check/client/commands/persistent.py", line 299, in run
    return asyncio.get_event_loop().run_until_complete(
           ~~~~~~~~~~~~~~~~~~~~~~~~~~~~~~~~~~~~~~~~~~~^
        run_persistent(
        ^^^^^^^^^^^^^^^
    ...<2 lines>...
        )
        ^
    )
    ^
  File "/usr/lib/python3.13/asyncio/base_events.py", line 725, in run_until_complete
    return future.result()
           ~~~~~~~~~~~~~^^
  File "/home/xujian/.local/share/nvim/mason/packages/pyre/venv/lib/python3.13/site-packages/pyre_check/client/commands/persistent.py", line 224, in run_persistent
    initial_server_options = pyre_server_options.read_server_options(
        server_options_reader, remote_logging
    )
  File "/home/xujian/.local/share/nvim/mason/packages/pyre/venv/lib/python3.13/site-packages/pyre_check/client/commands/pyre_server_options.py", line 129, in read_server_options
    return server_options_reader()
  File "/home/xujian/.local/share/nvim/mason/packages/pyre/venv/lib/python3.13/site-packages/pyre_check/client/commands/pyre_server_options.py", line 114, in read
    return PyreServerOptions.create(
           ~~~~~~~~~~~~~~~~~~~~~~~~^
        start_command_argument=start_command_argument,
        ^^^^^^^^^^^^^^^^^^^^^^^^^^^^^^^^^^^^^^^^^^^^^^
        configuration=read_frontend_configuration(),
        ^^^^^^^^^^^^^^^^^^^^^^^^^^^^^^^^^^^^^^^^^^^^
        language_server_features=language_server_features,
        ^^^^^^^^^^^^^^^^^^^^^^^^^^^^^^^^^^^^^^^^^^^^^^^^^^
    )
    ^
  File "/home/xujian/.local/share/nvim/mason/packages/pyre/venv/lib/python3.13/site-packages/pyre_check/client/commands/pyre_server_options.py", line 93, in create
    start_arguments = start.create_server_arguments(
        configuration,
        start_command_argument,
        False,  # kill_buck_after_build
    )
  File "/home/xujian/.local/share/nvim/mason/packages/pyre/venv/lib/python3.13/site-packages/pyre_check/client/commands/start.py", line 311, in create_server_arguments
    source_paths = backend_arguments.get_source_path_for_server(
        configuration,
    ...<3 lines>...
        watchman_root,
    )
  File "/home/xujian/.local/share/nvim/mason/packages/pyre/venv/lib/python3.13/site-packages/pyre_check/client/backend_arguments.py", line 418, in get_source_path_for_server
    return get_source_path(
        configuration,
    ...<4 lines>...
        watchman_root,
    )
  File "/home/xujian/.local/share/nvim/mason/packages/pyre/venv/lib/python3.13/site-packages/pyre_check/client/backend_arguments.py", line 397, in get_source_path
    raise configuration_module.InvalidConfiguration(
    ...<2 lines>...
    )
pyre_check.client.configuration.exceptions.InvalidConfiguration: Invalid configuration: Cannot find any source files to analyze. Either `source_directories` or `targets` must be specified.
2025-11-15 23:28:24,471 [PID 38493] DEBUG Using selector: EpollSelector
2025-11-15 23:28:24,471 [PID 38493] INFO Reading Pyre server configurations...
2025-11-15 23:28:24,474 [PID 38493] ERROR Uncaught error in persistent.run
Traceback (most recent call last):
  File "/home/xujian/.local/share/nvim/mason/packages/pyre/venv/lib/python3.13/site-packages/pyre_check/client/commands/persistent.py", line 299, in run
    return asyncio.get_event_loop().run_until_complete(
           ~~~~~~~~~~~~~~~~~~~~~~~~~~~~~~~~~~~~~~~~~~~^
        run_persistent(
        ^^^^^^^^^^^^^^^
    ...<2 lines>...
        )
        ^
    )
    ^
  File "/usr/lib/python3.13/asyncio/base_events.py", line 725, in run_until_complete
    return future.result()
           ~~~~~~~~~~~~~^^
  File "/home/xujian/.local/share/nvim/mason/packages/pyre/venv/lib/python3.13/site-packages/pyre_check/client/commands/persistent.py", line 224, in run_persistent
    initial_server_options = pyre_server_options.read_server_options(
        server_options_reader, remote_logging
    )
  File "/home/xujian/.local/share/nvim/mason/packages/pyre/venv/lib/python3.13/site-packages/pyre_check/client/commands/pyre_server_options.py", line 129, in read_server_options
    return server_options_reader()
  File "/home/xujian/.local/share/nvim/mason/packages/pyre/venv/lib/python3.13/site-packages/pyre_check/client/commands/pyre_server_options.py", line 114, in read
    return PyreServerOptions.create(
           ~~~~~~~~~~~~~~~~~~~~~~~~^
        start_command_argument=start_command_argument,
        ^^^^^^^^^^^^^^^^^^^^^^^^^^^^^^^^^^^^^^^^^^^^^^
        configuration=read_frontend_configuration(),
        ^^^^^^^^^^^^^^^^^^^^^^^^^^^^^^^^^^^^^^^^^^^^
        language_server_features=language_server_features,
        ^^^^^^^^^^^^^^^^^^^^^^^^^^^^^^^^^^^^^^^^^^^^^^^^^^
    )
    ^
  File "/home/xujian/.local/share/nvim/mason/packages/pyre/venv/lib/python3.13/site-packages/pyre_check/client/commands/pyre_server_options.py", line 93, in create
    start_arguments = start.create_server_arguments(
        configuration,
        start_command_argument,
        False,  # kill_buck_after_build
    )
  File "/home/xujian/.local/share/nvim/mason/packages/pyre/venv/lib/python3.13/site-packages/pyre_check/client/commands/start.py", line 311, in create_server_arguments
    source_paths = backend_arguments.get_source_path_for_server(
        configuration,
    ...<3 lines>...
        watchman_root,
    )
  File "/home/xujian/.local/share/nvim/mason/packages/pyre/venv/lib/python3.13/site-packages/pyre_check/client/backend_arguments.py", line 418, in get_source_path_for_server
    return get_source_path(
        configuration,
    ...<4 lines>...
        watchman_root,
    )
  File "/home/xujian/.local/share/nvim/mason/packages/pyre/venv/lib/python3.13/site-packages/pyre_check/client/backend_arguments.py", line 397, in get_source_path
    raise configuration_module.InvalidConfiguration(
    ...<2 lines>...
    )
pyre_check.client.configuration.exceptions.InvalidConfiguration: Invalid configuration: Cannot find any source files to analyze. Either `source_directories` or `targets` must be specified.
2025-11-15 23:49:27,134 [PID 43600] DEBUG Using selector: EpollSelector
2025-11-15 23:49:27,134 [PID 43600] INFO Reading Pyre server configurations...
2025-11-15 23:49:27,137 [PID 43600] ERROR Uncaught error in persistent.run
Traceback (most recent call last):
  File "/home/xujian/.local/share/nvim/mason/packages/pyre/venv/lib/python3.13/site-packages/pyre_check/client/commands/persistent.py", line 299, in run
    return asyncio.get_event_loop().run_until_complete(
           ~~~~~~~~~~~~~~~~~~~~~~~~~~~~~~~~~~~~~~~~~~~^
        run_persistent(
        ^^^^^^^^^^^^^^^
    ...<2 lines>...
        )
        ^
    )
    ^
  File "/usr/lib/python3.13/asyncio/base_events.py", line 725, in run_until_complete
    return future.result()
           ~~~~~~~~~~~~~^^
  File "/home/xujian/.local/share/nvim/mason/packages/pyre/venv/lib/python3.13/site-packages/pyre_check/client/commands/persistent.py", line 224, in run_persistent
    initial_server_options = pyre_server_options.read_server_options(
        server_options_reader, remote_logging
    )
  File "/home/xujian/.local/share/nvim/mason/packages/pyre/venv/lib/python3.13/site-packages/pyre_check/client/commands/pyre_server_options.py", line 129, in read_server_options
    return server_options_reader()
  File "/home/xujian/.local/share/nvim/mason/packages/pyre/venv/lib/python3.13/site-packages/pyre_check/client/commands/pyre_server_options.py", line 114, in read
    return PyreServerOptions.create(
           ~~~~~~~~~~~~~~~~~~~~~~~~^
        start_command_argument=start_command_argument,
        ^^^^^^^^^^^^^^^^^^^^^^^^^^^^^^^^^^^^^^^^^^^^^^
        configuration=read_frontend_configuration(),
        ^^^^^^^^^^^^^^^^^^^^^^^^^^^^^^^^^^^^^^^^^^^^
        language_server_features=language_server_features,
        ^^^^^^^^^^^^^^^^^^^^^^^^^^^^^^^^^^^^^^^^^^^^^^^^^^
    )
    ^
  File "/home/xujian/.local/share/nvim/mason/packages/pyre/venv/lib/python3.13/site-packages/pyre_check/client/commands/pyre_server_options.py", line 93, in create
    start_arguments = start.create_server_arguments(
        configuration,
        start_command_argument,
        False,  # kill_buck_after_build
    )
  File "/home/xujian/.local/share/nvim/mason/packages/pyre/venv/lib/python3.13/site-packages/pyre_check/client/commands/start.py", line 311, in create_server_arguments
    source_paths = backend_arguments.get_source_path_for_server(
        configuration,
    ...<3 lines>...
        watchman_root,
    )
  File "/home/xujian/.local/share/nvim/mason/packages/pyre/venv/lib/python3.13/site-packages/pyre_check/client/backend_arguments.py", line 418, in get_source_path_for_server
    return get_source_path(
        configuration,
    ...<4 lines>...
        watchman_root,
    )
  File "/home/xujian/.local/share/nvim/mason/packages/pyre/venv/lib/python3.13/site-packages/pyre_check/client/backend_arguments.py", line 397, in get_source_path
    raise configuration_module.InvalidConfiguration(
    ...<2 lines>...
    )
pyre_check.client.configuration.exceptions.InvalidConfiguration: Invalid configuration: Cannot find any source files to analyze. Either `source_directories` or `targets` must be specified.
2025-11-16 10:51:04,078 [PID 7883] DEBUG Using selector: EpollSelector
2025-11-16 10:51:04,079 [PID 7883] INFO Reading Pyre server configurations...
2025-11-16 10:51:04,083 [PID 7883] ERROR Uncaught error in persistent.run
Traceback (most recent call last):
  File "/home/xujian/.local/share/nvim/mason/packages/pyre/venv/lib/python3.13/site-packages/pyre_check/client/commands/persistent.py", line 299, in run
    return asyncio.get_event_loop().run_until_complete(
           ~~~~~~~~~~~~~~~~~~~~~~~~~~~~~~~~~~~~~~~~~~~^
        run_persistent(
        ^^^^^^^^^^^^^^^
    ...<2 lines>...
        )
        ^
    )
    ^
  File "/usr/lib/python3.13/asyncio/base_events.py", line 725, in run_until_complete
    return future.result()
           ~~~~~~~~~~~~~^^
  File "/home/xujian/.local/share/nvim/mason/packages/pyre/venv/lib/python3.13/site-packages/pyre_check/client/commands/persistent.py", line 224, in run_persistent
    initial_server_options = pyre_server_options.read_server_options(
        server_options_reader, remote_logging
    )
  File "/home/xujian/.local/share/nvim/mason/packages/pyre/venv/lib/python3.13/site-packages/pyre_check/client/commands/pyre_server_options.py", line 129, in read_server_options
    return server_options_reader()
  File "/home/xujian/.local/share/nvim/mason/packages/pyre/venv/lib/python3.13/site-packages/pyre_check/client/commands/pyre_server_options.py", line 114, in read
    return PyreServerOptions.create(
           ~~~~~~~~~~~~~~~~~~~~~~~~^
        start_command_argument=start_command_argument,
        ^^^^^^^^^^^^^^^^^^^^^^^^^^^^^^^^^^^^^^^^^^^^^^
        configuration=read_frontend_configuration(),
        ^^^^^^^^^^^^^^^^^^^^^^^^^^^^^^^^^^^^^^^^^^^^
        language_server_features=language_server_features,
        ^^^^^^^^^^^^^^^^^^^^^^^^^^^^^^^^^^^^^^^^^^^^^^^^^^
    )
    ^
  File "/home/xujian/.local/share/nvim/mason/packages/pyre/venv/lib/python3.13/site-packages/pyre_check/client/commands/pyre_server_options.py", line 93, in create
    start_arguments = start.create_server_arguments(
        configuration,
        start_command_argument,
        False,  # kill_buck_after_build
    )
  File "/home/xujian/.local/share/nvim/mason/packages/pyre/venv/lib/python3.13/site-packages/pyre_check/client/commands/start.py", line 311, in create_server_arguments
    source_paths = backend_arguments.get_source_path_for_server(
        configuration,
    ...<3 lines>...
        watchman_root,
    )
  File "/home/xujian/.local/share/nvim/mason/packages/pyre/venv/lib/python3.13/site-packages/pyre_check/client/backend_arguments.py", line 418, in get_source_path_for_server
    return get_source_path(
        configuration,
    ...<4 lines>...
        watchman_root,
    )
  File "/home/xujian/.local/share/nvim/mason/packages/pyre/venv/lib/python3.13/site-packages/pyre_check/client/backend_arguments.py", line 397, in get_source_path
    raise configuration_module.InvalidConfiguration(
    ...<2 lines>...
    )
pyre_check.client.configuration.exceptions.InvalidConfiguration: Invalid configuration: Cannot find any source files to analyze. Either `source_directories` or `targets` must be specified.
2025-11-17 00:18:08,398 [PID 3255] DEBUG Using selector: EpollSelector
2025-11-17 00:18:08,399 [PID 3255] INFO Reading Pyre server configurations...
2025-11-17 00:18:08,403 [PID 3255] ERROR Uncaught error in persistent.run
Traceback (most recent call last):
  File "/home/xujian/.local/share/nvim/mason/packages/pyre/venv/lib/python3.13/site-packages/pyre_check/client/commands/persistent.py", line 299, in run
    return asyncio.get_event_loop().run_until_complete(
           ~~~~~~~~~~~~~~~~~~~~~~~~~~~~~~~~~~~~~~~~~~~^
        run_persistent(
        ^^^^^^^^^^^^^^^
    ...<2 lines>...
        )
        ^
    )
    ^
  File "/usr/lib/python3.13/asyncio/base_events.py", line 725, in run_until_complete
    return future.result()
           ~~~~~~~~~~~~~^^
  File "/home/xujian/.local/share/nvim/mason/packages/pyre/venv/lib/python3.13/site-packages/pyre_check/client/commands/persistent.py", line 224, in run_persistent
    initial_server_options = pyre_server_options.read_server_options(
        server_options_reader, remote_logging
    )
  File "/home/xujian/.local/share/nvim/mason/packages/pyre/venv/lib/python3.13/site-packages/pyre_check/client/commands/pyre_server_options.py", line 129, in read_server_options
    return server_options_reader()
  File "/home/xujian/.local/share/nvim/mason/packages/pyre/venv/lib/python3.13/site-packages/pyre_check/client/commands/pyre_server_options.py", line 114, in read
    return PyreServerOptions.create(
           ~~~~~~~~~~~~~~~~~~~~~~~~^
        start_command_argument=start_command_argument,
        ^^^^^^^^^^^^^^^^^^^^^^^^^^^^^^^^^^^^^^^^^^^^^^
        configuration=read_frontend_configuration(),
        ^^^^^^^^^^^^^^^^^^^^^^^^^^^^^^^^^^^^^^^^^^^^
        language_server_features=language_server_features,
        ^^^^^^^^^^^^^^^^^^^^^^^^^^^^^^^^^^^^^^^^^^^^^^^^^^
    )
    ^
  File "/home/xujian/.local/share/nvim/mason/packages/pyre/venv/lib/python3.13/site-packages/pyre_check/client/commands/pyre_server_options.py", line 93, in create
    start_arguments = start.create_server_arguments(
        configuration,
        start_command_argument,
        False,  # kill_buck_after_build
    )
  File "/home/xujian/.local/share/nvim/mason/packages/pyre/venv/lib/python3.13/site-packages/pyre_check/client/commands/start.py", line 311, in create_server_arguments
    source_paths = backend_arguments.get_source_path_for_server(
        configuration,
    ...<3 lines>...
        watchman_root,
    )
  File "/home/xujian/.local/share/nvim/mason/packages/pyre/venv/lib/python3.13/site-packages/pyre_check/client/backend_arguments.py", line 418, in get_source_path_for_server
    return get_source_path(
        configuration,
    ...<4 lines>...
        watchman_root,
    )
  File "/home/xujian/.local/share/nvim/mason/packages/pyre/venv/lib/python3.13/site-packages/pyre_check/client/backend_arguments.py", line 397, in get_source_path
    raise configuration_module.InvalidConfiguration(
    ...<2 lines>...
    )
pyre_check.client.configuration.exceptions.InvalidConfiguration: Invalid configuration: Cannot find any source files to analyze. Either `source_directories` or `targets` must be specified.
2025-11-20 20:58:24,227 [PID 28596] DEBUG Using selector: EpollSelector
2025-11-20 20:58:24,262 [PID 28596] INFO Reading Pyre server configurations...
2025-11-20 20:58:24,265 [PID 28596] ERROR Uncaught error in persistent.run
Traceback (most recent call last):
  File "/home/xujian/.local/share/nvim/mason/packages/pyre/venv/lib/python3.13/site-packages/pyre_check/client/commands/persistent.py", line 299, in run
    return asyncio.get_event_loop().run_until_complete(
           ~~~~~~~~~~~~~~~~~~~~~~~~~~~~~~~~~~~~~~~~~~~^
        run_persistent(
        ^^^^^^^^^^^^^^^
    ...<2 lines>...
        )
        ^
    )
    ^
  File "/usr/lib/python3.13/asyncio/base_events.py", line 725, in run_until_complete
    return future.result()
           ~~~~~~~~~~~~~^^
  File "/home/xujian/.local/share/nvim/mason/packages/pyre/venv/lib/python3.13/site-packages/pyre_check/client/commands/persistent.py", line 224, in run_persistent
    initial_server_options = pyre_server_options.read_server_options(
        server_options_reader, remote_logging
    )
  File "/home/xujian/.local/share/nvim/mason/packages/pyre/venv/lib/python3.13/site-packages/pyre_check/client/commands/pyre_server_options.py", line 129, in read_server_options
    return server_options_reader()
  File "/home/xujian/.local/share/nvim/mason/packages/pyre/venv/lib/python3.13/site-packages/pyre_check/client/commands/pyre_server_options.py", line 114, in read
    return PyreServerOptions.create(
           ~~~~~~~~~~~~~~~~~~~~~~~~^
        start_command_argument=start_command_argument,
        ^^^^^^^^^^^^^^^^^^^^^^^^^^^^^^^^^^^^^^^^^^^^^^
        configuration=read_frontend_configuration(),
        ^^^^^^^^^^^^^^^^^^^^^^^^^^^^^^^^^^^^^^^^^^^^
        language_server_features=language_server_features,
        ^^^^^^^^^^^^^^^^^^^^^^^^^^^^^^^^^^^^^^^^^^^^^^^^^^
    )
    ^
  File "/home/xujian/.local/share/nvim/mason/packages/pyre/venv/lib/python3.13/site-packages/pyre_check/client/commands/pyre_server_options.py", line 93, in create
    start_arguments = start.create_server_arguments(
        configuration,
        start_command_argument,
        False,  # kill_buck_after_build
    )
  File "/home/xujian/.local/share/nvim/mason/packages/pyre/venv/lib/python3.13/site-packages/pyre_check/client/commands/start.py", line 311, in create_server_arguments
    source_paths = backend_arguments.get_source_path_for_server(
        configuration,
    ...<3 lines>...
        watchman_root,
    )
  File "/home/xujian/.local/share/nvim/mason/packages/pyre/venv/lib/python3.13/site-packages/pyre_check/client/backend_arguments.py", line 418, in get_source_path_for_server
    return get_source_path(
        configuration,
    ...<4 lines>...
        watchman_root,
    )
  File "/home/xujian/.local/share/nvim/mason/packages/pyre/venv/lib/python3.13/site-packages/pyre_check/client/backend_arguments.py", line 397, in get_source_path
    raise configuration_module.InvalidConfiguration(
    ...<2 lines>...
    )
pyre_check.client.configuration.exceptions.InvalidConfiguration: Invalid configuration: Cannot find any source files to analyze. Either `source_directories` or `targets` must be specified.
2025-11-20 20:58:32,757 [PID 28728] DEBUG Using selector: EpollSelector
2025-11-20 20:58:32,758 [PID 28728] INFO Reading Pyre server configurations...
2025-11-20 20:58:32,761 [PID 28728] ERROR Uncaught error in persistent.run
Traceback (most recent call last):
  File "/home/xujian/.local/share/nvim/mason/packages/pyre/venv/lib/python3.13/site-packages/pyre_check/client/commands/persistent.py", line 299, in run
    return asyncio.get_event_loop().run_until_complete(
           ~~~~~~~~~~~~~~~~~~~~~~~~~~~~~~~~~~~~~~~~~~~^
        run_persistent(
        ^^^^^^^^^^^^^^^
    ...<2 lines>...
        )
        ^
    )
    ^
  File "/usr/lib/python3.13/asyncio/base_events.py", line 725, in run_until_complete
    return future.result()
           ~~~~~~~~~~~~~^^
  File "/home/xujian/.local/share/nvim/mason/packages/pyre/venv/lib/python3.13/site-packages/pyre_check/client/commands/persistent.py", line 224, in run_persistent
    initial_server_options = pyre_server_options.read_server_options(
        server_options_reader, remote_logging
    )
  File "/home/xujian/.local/share/nvim/mason/packages/pyre/venv/lib/python3.13/site-packages/pyre_check/client/commands/pyre_server_options.py", line 129, in read_server_options
    return server_options_reader()
  File "/home/xujian/.local/share/nvim/mason/packages/pyre/venv/lib/python3.13/site-packages/pyre_check/client/commands/pyre_server_options.py", line 114, in read
    return PyreServerOptions.create(
           ~~~~~~~~~~~~~~~~~~~~~~~~^
        start_command_argument=start_command_argument,
        ^^^^^^^^^^^^^^^^^^^^^^^^^^^^^^^^^^^^^^^^^^^^^^
        configuration=read_frontend_configuration(),
        ^^^^^^^^^^^^^^^^^^^^^^^^^^^^^^^^^^^^^^^^^^^^
        language_server_features=language_server_features,
        ^^^^^^^^^^^^^^^^^^^^^^^^^^^^^^^^^^^^^^^^^^^^^^^^^^
    )
    ^
  File "/home/xujian/.local/share/nvim/mason/packages/pyre/venv/lib/python3.13/site-packages/pyre_check/client/commands/pyre_server_options.py", line 93, in create
    start_arguments = start.create_server_arguments(
        configuration,
        start_command_argument,
        False,  # kill_buck_after_build
    )
  File "/home/xujian/.local/share/nvim/mason/packages/pyre/venv/lib/python3.13/site-packages/pyre_check/client/commands/start.py", line 311, in create_server_arguments
    source_paths = backend_arguments.get_source_path_for_server(
        configuration,
    ...<3 lines>...
        watchman_root,
    )
  File "/home/xujian/.local/share/nvim/mason/packages/pyre/venv/lib/python3.13/site-packages/pyre_check/client/backend_arguments.py", line 418, in get_source_path_for_server
    return get_source_path(
        configuration,
    ...<4 lines>...
        watchman_root,
    )
  File "/home/xujian/.local/share/nvim/mason/packages/pyre/venv/lib/python3.13/site-packages/pyre_check/client/backend_arguments.py", line 397, in get_source_path
    raise configuration_module.InvalidConfiguration(
    ...<2 lines>...
    )
pyre_check.client.configuration.exceptions.InvalidConfiguration: Invalid configuration: Cannot find any source files to analyze. Either `source_directories` or `targets` must be specified.
2025-12-06 15:28:55,517 [PID 6565] DEBUG Using selector: EpollSelector
2025-12-06 15:28:55,518 [PID 6565] INFO Reading Pyre server configurations...
2025-12-06 15:28:55,522 [PID 6565] ERROR Uncaught error in persistent.run
Traceback (most recent call last):
  File "/home/xujian/.local/share/nvim/mason/packages/pyre/venv/lib/python3.13/site-packages/pyre_check/client/commands/persistent.py", line 299, in run
    return asyncio.get_event_loop().run_until_complete(
           ~~~~~~~~~~~~~~~~~~~~~~~~~~~~~~~~~~~~~~~~~~~^
        run_persistent(
        ^^^^^^^^^^^^^^^
    ...<2 lines>...
        )
        ^
    )
    ^
  File "/usr/lib/python3.13/asyncio/base_events.py", line 725, in run_until_complete
    return future.result()
           ~~~~~~~~~~~~~^^
  File "/home/xujian/.local/share/nvim/mason/packages/pyre/venv/lib/python3.13/site-packages/pyre_check/client/commands/persistent.py", line 224, in run_persistent
    initial_server_options = pyre_server_options.read_server_options(
        server_options_reader, remote_logging
    )
  File "/home/xujian/.local/share/nvim/mason/packages/pyre/venv/lib/python3.13/site-packages/pyre_check/client/commands/pyre_server_options.py", line 129, in read_server_options
    return server_options_reader()
  File "/home/xujian/.local/share/nvim/mason/packages/pyre/venv/lib/python3.13/site-packages/pyre_check/client/commands/pyre_server_options.py", line 114, in read
    return PyreServerOptions.create(
           ~~~~~~~~~~~~~~~~~~~~~~~~^
        start_command_argument=start_command_argument,
        ^^^^^^^^^^^^^^^^^^^^^^^^^^^^^^^^^^^^^^^^^^^^^^
        configuration=read_frontend_configuration(),
        ^^^^^^^^^^^^^^^^^^^^^^^^^^^^^^^^^^^^^^^^^^^^
        language_server_features=language_server_features,
        ^^^^^^^^^^^^^^^^^^^^^^^^^^^^^^^^^^^^^^^^^^^^^^^^^^
    )
    ^
  File "/home/xujian/.local/share/nvim/mason/packages/pyre/venv/lib/python3.13/site-packages/pyre_check/client/commands/pyre_server_options.py", line 93, in create
    start_arguments = start.create_server_arguments(
        configuration,
        start_command_argument,
        False,  # kill_buck_after_build
    )
  File "/home/xujian/.local/share/nvim/mason/packages/pyre/venv/lib/python3.13/site-packages/pyre_check/client/commands/start.py", line 311, in create_server_arguments
    source_paths = backend_arguments.get_source_path_for_server(
        configuration,
    ...<3 lines>...
        watchman_root,
    )
  File "/home/xujian/.local/share/nvim/mason/packages/pyre/venv/lib/python3.13/site-packages/pyre_check/client/backend_arguments.py", line 418, in get_source_path_for_server
    return get_source_path(
        configuration,
    ...<4 lines>...
        watchman_root,
    )
  File "/home/xujian/.local/share/nvim/mason/packages/pyre/venv/lib/python3.13/site-packages/pyre_check/client/backend_arguments.py", line 397, in get_source_path
    raise configuration_module.InvalidConfiguration(
    ...<2 lines>...
    )
pyre_check.client.configuration.exceptions.InvalidConfiguration: Invalid configuration: Cannot find any source files to analyze. Either `source_directories` or `targets` must be specified.
